2024-02-16 17:36:00,357 INFO: Aplicació iniciada [in C:\Users\oscar\OneDrive\Escritorio\DAW2\m12-projecte\wannapop\__init__.py:60]
2024-02-16 17:36:00,369 INFO: Aplicació iniciada [in C:\Users\oscar\OneDrive\Escritorio\DAW2\m12-projecte\wannapop\__init__.py:60]
2024-02-16 17:36:00,369 INFO: Aplicació iniciada [in C:\Users\oscar\OneDrive\Escritorio\DAW2\m12-projecte\wannapop\__init__.py:60]
2024-02-16 17:36:01,013 INFO: Aplicació iniciada [in C:\Users\oscar\OneDrive\Escritorio\DAW2\m12-projecte\wannapop\__init__.py:60]
2024-02-16 17:36:01,025 INFO: Aplicació iniciada [in C:\Users\oscar\OneDrive\Escritorio\DAW2\m12-projecte\wannapop\__init__.py:60]
2024-02-16 17:36:01,025 INFO: Aplicació iniciada [in C:\Users\oscar\OneDrive\Escritorio\DAW2\m12-projecte\wannapop\__init__.py:60]
2024-02-16 17:36:05,169 INFO: Accés a la pàgina principal [in C:\Users\oscar\OneDrive\Escritorio\DAW2\m12-projecte\wannapop\routes_main.py:20]
2024-02-16 17:36:05,169 INFO: Accés a la pàgina principal [in C:\Users\oscar\OneDrive\Escritorio\DAW2\m12-projecte\wannapop\routes_main.py:20]
2024-02-16 17:36:13,442 INFO: Accés a la pàgina principal [in C:\Users\oscar\OneDrive\Escritorio\DAW2\m12-projecte\wannapop\routes_main.py:20]
2024-02-16 17:36:13,442 INFO: Accés a la pàgina principal [in C:\Users\oscar\OneDrive\Escritorio\DAW2\m12-projecte\wannapop\routes_main.py:20]
2024-02-16 18:41:29,658 INFO: Aplicació iniciada [in C:\Users\oscar\OneDrive\Escritorio\DAW2\m12-projecte\wannapop\__init__.py:60]
2024-02-16 18:41:29,674 INFO: Aplicació iniciada [in C:\Users\oscar\OneDrive\Escritorio\DAW2\m12-projecte\wannapop\__init__.py:60]
2024-02-16 18:41:29,674 INFO: Aplicació iniciada [in C:\Users\oscar\OneDrive\Escritorio\DAW2\m12-projecte\wannapop\__init__.py:60]
2024-02-16 18:41:30,572 INFO: Aplicació iniciada [in C:\Users\oscar\OneDrive\Escritorio\DAW2\m12-projecte\wannapop\__init__.py:60]
2024-02-16 18:41:30,584 INFO: Aplicació iniciada [in C:\Users\oscar\OneDrive\Escritorio\DAW2\m12-projecte\wannapop\__init__.py:60]
2024-02-16 18:41:30,584 INFO: Aplicació iniciada [in C:\Users\oscar\OneDrive\Escritorio\DAW2\m12-projecte\wannapop\__init__.py:60]
2024-02-16 18:49:10,710 DEBUG: credentials:  [in C:\Users\oscar\OneDrive\Escritorio\DAW2\m12-projecte\wannapop\api\helper_auth.py:13]
2024-02-16 18:49:10,710 DEBUG: credentials:  [in C:\Users\oscar\OneDrive\Escritorio\DAW2\m12-projecte\wannapop\api\helper_auth.py:13]
2024-02-16 18:49:10,710 DEBUG: auth user: None [in C:\Users\oscar\OneDrive\Escritorio\DAW2\m12-projecte\wannapop\api\helper_auth.py:14]
2024-02-16 18:49:10,710 DEBUG: auth user: None [in C:\Users\oscar\OneDrive\Escritorio\DAW2\m12-projecte\wannapop\api\helper_auth.py:14]
2024-02-16 18:52:08,745 DEBUG: credentials: mroscardev@gmail.com [in C:\Users\oscar\OneDrive\Escritorio\DAW2\m12-projecte\wannapop\api\helper_auth.py:13]
2024-02-16 18:52:08,745 DEBUG: credentials: mroscardev@gmail.com [in C:\Users\oscar\OneDrive\Escritorio\DAW2\m12-projecte\wannapop\api\helper_auth.py:13]
2024-02-16 18:52:08,746 DEBUG: auth user: None [in C:\Users\oscar\OneDrive\Escritorio\DAW2\m12-projecte\wannapop\api\helper_auth.py:14]
2024-02-16 18:52:08,746 DEBUG: auth user: None [in C:\Users\oscar\OneDrive\Escritorio\DAW2\m12-projecte\wannapop\api\helper_auth.py:14]
2024-02-16 18:52:34,355 DEBUG: credentials: mroscardev@gmail.com [in C:\Users\oscar\OneDrive\Escritorio\DAW2\m12-projecte\wannapop\api\helper_auth.py:13]
2024-02-16 18:52:34,355 DEBUG: credentials: mroscardev@gmail.com [in C:\Users\oscar\OneDrive\Escritorio\DAW2\m12-projecte\wannapop\api\helper_auth.py:13]
2024-02-16 18:52:34,355 DEBUG: auth user: None [in C:\Users\oscar\OneDrive\Escritorio\DAW2\m12-projecte\wannapop\api\helper_auth.py:14]
2024-02-16 18:52:34,355 DEBUG: auth user: None [in C:\Users\oscar\OneDrive\Escritorio\DAW2\m12-projecte\wannapop\api\helper_auth.py:14]
2024-02-16 18:52:35,638 DEBUG: credentials: mroscardev@gmail.com [in C:\Users\oscar\OneDrive\Escritorio\DAW2\m12-projecte\wannapop\api\helper_auth.py:13]
2024-02-16 18:52:35,638 DEBUG: credentials: mroscardev@gmail.com [in C:\Users\oscar\OneDrive\Escritorio\DAW2\m12-projecte\wannapop\api\helper_auth.py:13]
2024-02-16 18:52:35,639 DEBUG: auth user: None [in C:\Users\oscar\OneDrive\Escritorio\DAW2\m12-projecte\wannapop\api\helper_auth.py:14]
2024-02-16 18:52:35,639 DEBUG: auth user: None [in C:\Users\oscar\OneDrive\Escritorio\DAW2\m12-projecte\wannapop\api\helper_auth.py:14]
2024-02-16 18:52:38,691 DEBUG: credentials: mroscardev@gmail.com [in C:\Users\oscar\OneDrive\Escritorio\DAW2\m12-projecte\wannapop\api\helper_auth.py:13]
2024-02-16 18:52:38,691 DEBUG: credentials: mroscardev@gmail.com [in C:\Users\oscar\OneDrive\Escritorio\DAW2\m12-projecte\wannapop\api\helper_auth.py:13]
2024-02-16 18:52:38,692 DEBUG: auth user: None [in C:\Users\oscar\OneDrive\Escritorio\DAW2\m12-projecte\wannapop\api\helper_auth.py:14]
2024-02-16 18:52:38,692 DEBUG: auth user: None [in C:\Users\oscar\OneDrive\Escritorio\DAW2\m12-projecte\wannapop\api\helper_auth.py:14]
2024-02-16 18:52:42,487 DEBUG: credentials: mroscardev@gmail.com [in C:\Users\oscar\OneDrive\Escritorio\DAW2\m12-projecte\wannapop\api\helper_auth.py:13]
2024-02-16 18:52:42,487 DEBUG: credentials: mroscardev@gmail.com [in C:\Users\oscar\OneDrive\Escritorio\DAW2\m12-projecte\wannapop\api\helper_auth.py:13]
2024-02-16 18:52:42,489 DEBUG: auth user: None [in C:\Users\oscar\OneDrive\Escritorio\DAW2\m12-projecte\wannapop\api\helper_auth.py:14]
2024-02-16 18:52:42,489 DEBUG: auth user: None [in C:\Users\oscar\OneDrive\Escritorio\DAW2\m12-projecte\wannapop\api\helper_auth.py:14]
2024-02-16 18:52:47,536 INFO: Usuari desconnectat [in C:\Users\oscar\OneDrive\Escritorio\DAW2\m12-projecte\wannapop\routes_auth.py:76]
2024-02-16 18:52:47,536 INFO: Usuari desconnectat [in C:\Users\oscar\OneDrive\Escritorio\DAW2\m12-projecte\wannapop\routes_auth.py:76]
2024-02-16 18:52:47,547 INFO: Intent d'inici de sessió [in C:\Users\oscar\OneDrive\Escritorio\DAW2\m12-projecte\wannapop\routes_auth.py:52]
2024-02-16 18:52:47,547 INFO: Intent d'inici de sessió [in C:\Users\oscar\OneDrive\Escritorio\DAW2\m12-projecte\wannapop\routes_auth.py:52]
2024-02-16 18:53:10,964 DEBUG: credentials: mroscardev@gmail.com [in C:\Users\oscar\OneDrive\Escritorio\DAW2\m12-projecte\wannapop\api\helper_auth.py:13]
2024-02-16 18:53:10,964 DEBUG: credentials: mroscardev@gmail.com [in C:\Users\oscar\OneDrive\Escritorio\DAW2\m12-projecte\wannapop\api\helper_auth.py:13]
2024-02-16 18:53:10,964 DEBUG: auth user: None [in C:\Users\oscar\OneDrive\Escritorio\DAW2\m12-projecte\wannapop\api\helper_auth.py:14]
2024-02-16 18:53:10,964 DEBUG: auth user: None [in C:\Users\oscar\OneDrive\Escritorio\DAW2\m12-projecte\wannapop\api\helper_auth.py:14]
2024-02-16 18:53:11,988 DEBUG: credentials: mroscardev@gmail.com [in C:\Users\oscar\OneDrive\Escritorio\DAW2\m12-projecte\wannapop\api\helper_auth.py:13]
2024-02-16 18:53:11,988 DEBUG: credentials: mroscardev@gmail.com [in C:\Users\oscar\OneDrive\Escritorio\DAW2\m12-projecte\wannapop\api\helper_auth.py:13]
2024-02-16 18:53:11,988 DEBUG: auth user: None [in C:\Users\oscar\OneDrive\Escritorio\DAW2\m12-projecte\wannapop\api\helper_auth.py:14]
2024-02-16 18:53:11,988 DEBUG: auth user: None [in C:\Users\oscar\OneDrive\Escritorio\DAW2\m12-projecte\wannapop\api\helper_auth.py:14]
2024-02-16 18:53:32,003 DEBUG: credentials: Austin [in C:\Users\oscar\OneDrive\Escritorio\DAW2\m12-projecte\wannapop\api\helper_auth.py:13]
2024-02-16 18:53:32,003 DEBUG: credentials: Austin [in C:\Users\oscar\OneDrive\Escritorio\DAW2\m12-projecte\wannapop\api\helper_auth.py:13]
2024-02-16 18:53:32,004 DEBUG: auth user: OrderedDict([('id', 1), ('name', 'Austin'), ('email', 'mroscardev@gmail.com'), ('password', 'pbkdf2:sha256:600000$B07HTrrJDXn0t9wE$d7927e4234bfc08b5531adfdab6e7d61de7b4fa749876f87cf4d1381f3a9eef0'), ('role', 'admin'), ('email_token', 'AEKwMffT9gRMjM-PxeiLX52_CgE'), ('verified', True), ('token', None), ('token_expiration', None)]) [in C:\Users\oscar\OneDrive\Escritorio\DAW2\m12-projecte\wannapop\api\helper_auth.py:14]
2024-02-16 18:53:32,004 DEBUG: auth user: OrderedDict([('id', 1), ('name', 'Austin'), ('email', 'mroscardev@gmail.com'), ('password', 'pbkdf2:sha256:600000$B07HTrrJDXn0t9wE$d7927e4234bfc08b5531adfdab6e7d61de7b4fa749876f87cf4d1381f3a9eef0'), ('role', 'admin'), ('email_token', 'AEKwMffT9gRMjM-PxeiLX52_CgE'), ('verified', True), ('token', None), ('token_expiration', None)]) [in C:\Users\oscar\OneDrive\Escritorio\DAW2\m12-projecte\wannapop\api\helper_auth.py:14]
2024-02-16 18:53:32,198 DEBUG: Token:56718914fb8d66b9cf60b007e0e812f6 [in C:\Users\oscar\OneDrive\Escritorio\DAW2\m12-projecte\wannapop\api\tokens.py:10]
2024-02-16 18:53:32,198 DEBUG: Token:56718914fb8d66b9cf60b007e0e812f6 [in C:\Users\oscar\OneDrive\Escritorio\DAW2\m12-projecte\wannapop\api\tokens.py:10]
2024-02-16 18:55:53,463 DEBUG: credentials:  [in C:\Users\oscar\OneDrive\Escritorio\DAW2\m12-projecte\wannapop\api\helper_auth.py:13]
2024-02-16 18:55:53,463 DEBUG: credentials:  [in C:\Users\oscar\OneDrive\Escritorio\DAW2\m12-projecte\wannapop\api\helper_auth.py:13]
2024-02-16 18:55:53,464 DEBUG: auth user: None [in C:\Users\oscar\OneDrive\Escritorio\DAW2\m12-projecte\wannapop\api\helper_auth.py:14]
2024-02-16 18:55:53,464 DEBUG: auth user: None [in C:\Users\oscar\OneDrive\Escritorio\DAW2\m12-projecte\wannapop\api\helper_auth.py:14]
2024-02-16 18:56:05,604 DEBUG: credentials:  [in C:\Users\oscar\OneDrive\Escritorio\DAW2\m12-projecte\wannapop\api\helper_auth.py:13]
2024-02-16 18:56:05,604 DEBUG: credentials:  [in C:\Users\oscar\OneDrive\Escritorio\DAW2\m12-projecte\wannapop\api\helper_auth.py:13]
2024-02-16 18:56:05,604 DEBUG: auth user: None [in C:\Users\oscar\OneDrive\Escritorio\DAW2\m12-projecte\wannapop\api\helper_auth.py:14]
2024-02-16 18:56:05,604 DEBUG: auth user: None [in C:\Users\oscar\OneDrive\Escritorio\DAW2\m12-projecte\wannapop\api\helper_auth.py:14]
2024-02-16 18:56:09,763 DEBUG: credentials: Austin [in C:\Users\oscar\OneDrive\Escritorio\DAW2\m12-projecte\wannapop\api\helper_auth.py:13]
2024-02-16 18:56:09,763 DEBUG: credentials: Austin [in C:\Users\oscar\OneDrive\Escritorio\DAW2\m12-projecte\wannapop\api\helper_auth.py:13]
